{"/home/aluno/Documentos/cs-2019-01/aula-01/js/ex1.js": {"path":"/home/aluno/Documentos/cs-2019-01/aula-01/js/ex1.js","statementMap":{"0":{"start":{"line":16,"column":4},"end":{"line":18,"column":5}},"1":{"start":{"line":17,"column":8},"end":{"line":17,"column":89}},"2":{"start":{"line":19,"column":4},"end":{"line":21,"column":5}},"3":{"start":{"line":20,"column":8},"end":{"line":20,"column":55}},"4":{"start":{"line":22,"column":4},"end":{"line":24,"column":5}},"5":{"start":{"line":23,"column":8},"end":{"line":23,"column":53}},"6":{"start":{"line":25,"column":4},"end":{"line":27,"column":5}},"7":{"start":{"line":26,"column":8},"end":{"line":26,"column":62}},"8":{"start":{"line":29,"column":14},"end":{"line":29,"column":36}},"9":{"start":{"line":30,"column":14},"end":{"line":30,"column":26}},"10":{"start":{"line":31,"column":4},"end":{"line":31,"column":40}},"11":{"start":{"line":33,"column":0},"end":{"line":33,"column":33}}},"fnMap":{"0":{"name":"propriedade3025","decl":{"start":{"line":15,"column":9},"end":{"line":15,"column":24}},"loc":{"start":{"line":15,"column":33},"end":{"line":32,"column":1}},"line":15}},"branchMap":{"0":{"loc":{"start":{"line":16,"column":4},"end":{"line":18,"column":5}},"type":"if","locations":[{"start":{"line":16,"column":4},"end":{"line":18,"column":5}},{"start":{"line":16,"column":4},"end":{"line":18,"column":5}}],"line":16},"1":{"loc":{"start":{"line":16,"column":8},"end":{"line":16,"column":45}},"type":"binary-expr","locations":[{"start":{"line":16,"column":8},"end":{"line":16,"column":22}},{"start":{"line":16,"column":26},"end":{"line":16,"column":45}}],"line":16},"2":{"loc":{"start":{"line":19,"column":4},"end":{"line":21,"column":5}},"type":"if","locations":[{"start":{"line":19,"column":4},"end":{"line":21,"column":5}},{"start":{"line":19,"column":4},"end":{"line":21,"column":5}}],"line":19},"3":{"loc":{"start":{"line":22,"column":4},"end":{"line":24,"column":5}},"type":"if","locations":[{"start":{"line":22,"column":4},"end":{"line":24,"column":5}},{"start":{"line":22,"column":4},"end":{"line":24,"column":5}}],"line":22},"4":{"loc":{"start":{"line":25,"column":4},"end":{"line":27,"column":5}},"type":"if","locations":[{"start":{"line":25,"column":4},"end":{"line":27,"column":5}},{"start":{"line":25,"column":4},"end":{"line":27,"column":5}}],"line":25},"5":{"loc":{"start":{"line":25,"column":8},"end":{"line":25,"column":36}},"type":"binary-expr","locations":[{"start":{"line":25,"column":8},"end":{"line":25,"column":19}},{"start":{"line":25,"column":23},"end":{"line":25,"column":36}}],"line":25}},"s":{"0":7,"1":1,"2":6,"3":1,"4":5,"5":1,"6":4,"7":2,"8":2,"9":2,"10":2,"11":1},"f":{"0":7},"b":{"0":[1,6],"1":[7,6],"2":[1,5],"3":[1,4],"4":[2,2],"5":[4,3]},"_coverageSchema":"43e27e138ebf9cfc5966b082cf9a028302ed4184","hash":"15d74642a73560431b497769f882876761a6fdf4"}
,"/home/aluno/Documentos/cs-2019-01/aula-01/js/ex10.js": {"path":"/home/aluno/Documentos/cs-2019-01/aula-01/js/ex10.js","statementMap":{"0":{"start":{"line":16,"column":4},"end":{"line":18,"column":5}},"1":{"start":{"line":17,"column":8},"end":{"line":17,"column":89}},"2":{"start":{"line":19,"column":4},"end":{"line":21,"column":5}},"3":{"start":{"line":20,"column":8},"end":{"line":20,"column":55}},"4":{"start":{"line":22,"column":4},"end":{"line":24,"column":5}},"5":{"start":{"line":23,"column":8},"end":{"line":23,"column":53}},"6":{"start":{"line":25,"column":4},"end":{"line":27,"column":5}},"7":{"start":{"line":26,"column":8},"end":{"line":26,"column":62}},"8":{"start":{"line":28,"column":12},"end":{"line":28,"column":13}},"9":{"start":{"line":29,"column":12},"end":{"line":29,"column":17}},"10":{"start":{"line":30,"column":20},"end":{"line":30,"column":21}},"11":{"start":{"line":31,"column":22},"end":{"line":31,"column":23}},"12":{"start":{"line":32,"column":4},"end":{"line":37,"column":5}},"13":{"start":{"line":33,"column":8},"end":{"line":33,"column":31}},"14":{"start":{"line":34,"column":8},"end":{"line":34,"column":25}},"15":{"start":{"line":35,"column":8},"end":{"line":35,"column":35}},"16":{"start":{"line":36,"column":8},"end":{"line":36,"column":15}},"17":{"start":{"line":38,"column":4},"end":{"line":38,"column":13}},"18":{"start":{"line":40,"column":0},"end":{"line":40,"column":34}}},"fnMap":{"0":{"name":"logaritmoNatural","decl":{"start":{"line":15,"column":9},"end":{"line":15,"column":25}},"loc":{"start":{"line":15,"column":32},"end":{"line":39,"column":1}},"line":15}},"branchMap":{"0":{"loc":{"start":{"line":16,"column":4},"end":{"line":18,"column":5}},"type":"if","locations":[{"start":{"line":16,"column":4},"end":{"line":18,"column":5}},{"start":{"line":16,"column":4},"end":{"line":18,"column":5}}],"line":16},"1":{"loc":{"start":{"line":16,"column":8},"end":{"line":16,"column":66}},"type":"binary-expr","locations":[{"start":{"line":16,"column":8},"end":{"line":16,"column":17}},{"start":{"line":16,"column":21},"end":{"line":16,"column":35}},{"start":{"line":16,"column":39},"end":{"line":16,"column":48}},{"start":{"line":16,"column":52},"end":{"line":16,"column":66}}],"line":16},"2":{"loc":{"start":{"line":19,"column":4},"end":{"line":21,"column":5}},"type":"if","locations":[{"start":{"line":19,"column":4},"end":{"line":21,"column":5}},{"start":{"line":19,"column":4},"end":{"line":21,"column":5}}],"line":19},"3":{"loc":{"start":{"line":19,"column":8},"end":{"line":19,"column":56}},"type":"binary-expr","locations":[{"start":{"line":19,"column":8},"end":{"line":19,"column":30}},{"start":{"line":19,"column":34},"end":{"line":19,"column":56}}],"line":19},"4":{"loc":{"start":{"line":22,"column":4},"end":{"line":24,"column":5}},"type":"if","locations":[{"start":{"line":22,"column":4},"end":{"line":24,"column":5}},{"start":{"line":22,"column":4},"end":{"line":24,"column":5}}],"line":22},"5":{"loc":{"start":{"line":22,"column":8},"end":{"line":22,"column":48}},"type":"binary-expr","locations":[{"start":{"line":22,"column":8},"end":{"line":22,"column":26}},{"start":{"line":22,"column":30},"end":{"line":22,"column":48}}],"line":22},"6":{"loc":{"start":{"line":25,"column":4},"end":{"line":27,"column":5}},"type":"if","locations":[{"start":{"line":25,"column":4},"end":{"line":27,"column":5}},{"start":{"line":25,"column":4},"end":{"line":27,"column":5}}],"line":25},"7":{"loc":{"start":{"line":25,"column":8},"end":{"line":25,"column":22}},"type":"binary-expr","locations":[{"start":{"line":25,"column":8},"end":{"line":25,"column":13}},{"start":{"line":25,"column":17},"end":{"line":25,"column":22}}],"line":25}},"s":{"0":5,"1":1,"2":4,"3":1,"4":3,"5":1,"6":2,"7":1,"8":1,"9":1,"10":1,"11":1,"12":1,"13":2,"14":2,"15":2,"16":2,"17":1,"18":1},"f":{"0":5},"b":{"0":[1,4],"1":[5,4,4,4],"2":[1,3],"3":[4,3],"4":[1,2],"5":[3,2],"6":[1,1],"7":[2,1]},"_coverageSchema":"43e27e138ebf9cfc5966b082cf9a028302ed4184","hash":"dc93fdd993e998fcebd685838c86891ec09c11ff"}
,"/home/aluno/Documentos/cs-2019-01/aula-01/js/ex11.js": {"path":"/home/aluno/Documentos/cs-2019-01/aula-01/js/ex11.js","statementMap":{"0":{"start":{"line":19,"column":4},"end":{"line":21,"column":5}},"1":{"start":{"line":20,"column":8},"end":{"line":20,"column":89}},"2":{"start":{"line":22,"column":4},"end":{"line":24,"column":5}},"3":{"start":{"line":23,"column":8},"end":{"line":23,"column":55}},"4":{"start":{"line":25,"column":4},"end":{"line":27,"column":5}},"5":{"start":{"line":26,"column":8},"end":{"line":26,"column":53}},"6":{"start":{"line":28,"column":4},"end":{"line":30,"column":5}},"7":{"start":{"line":29,"column":8},"end":{"line":29,"column":62}},"8":{"start":{"line":31,"column":12},"end":{"line":31,"column":13}},"9":{"start":{"line":32,"column":12},"end":{"line":32,"column":13}},"10":{"start":{"line":33,"column":12},"end":{"line":33,"column":13}},"11":{"start":{"line":34,"column":12},"end":{"line":34,"column":13}},"12":{"start":{"line":35,"column":4},"end":{"line":40,"column":5}},"13":{"start":{"line":36,"column":8},"end":{"line":36,"column":14}},"14":{"start":{"line":37,"column":8},"end":{"line":37,"column":15}},"15":{"start":{"line":38,"column":8},"end":{"line":38,"column":14}},"16":{"start":{"line":39,"column":8},"end":{"line":39,"column":15}},"17":{"start":{"line":41,"column":4},"end":{"line":41,"column":15}},"18":{"start":{"line":43,"column":0},"end":{"line":43,"column":28}}},"fnMap":{"0":{"name":"razaoAurea","decl":{"start":{"line":18,"column":9},"end":{"line":18,"column":19}},"loc":{"start":{"line":18,"column":29},"end":{"line":42,"column":1}},"line":18}},"branchMap":{"0":{"loc":{"start":{"line":19,"column":4},"end":{"line":21,"column":5}},"type":"if","locations":[{"start":{"line":19,"column":4},"end":{"line":21,"column":5}},{"start":{"line":19,"column":4},"end":{"line":21,"column":5}}],"line":19},"1":{"loc":{"start":{"line":19,"column":8},"end":{"line":19,"column":97}},"type":"binary-expr","locations":[{"start":{"line":19,"column":8},"end":{"line":19,"column":17}},{"start":{"line":19,"column":21},"end":{"line":19,"column":35}},{"start":{"line":19,"column":39},"end":{"line":19,"column":48}},{"start":{"line":19,"column":52},"end":{"line":19,"column":66}},{"start":{"line":19,"column":70},"end":{"line":19,"column":79}},{"start":{"line":19,"column":83},"end":{"line":19,"column":97}}],"line":19},"2":{"loc":{"start":{"line":22,"column":4},"end":{"line":24,"column":5}},"type":"if","locations":[{"start":{"line":22,"column":4},"end":{"line":24,"column":5}},{"start":{"line":22,"column":4},"end":{"line":24,"column":5}}],"line":22},"3":{"loc":{"start":{"line":22,"column":8},"end":{"line":22,"column":82}},"type":"binary-expr","locations":[{"start":{"line":22,"column":8},"end":{"line":22,"column":30}},{"start":{"line":22,"column":34},"end":{"line":22,"column":56}},{"start":{"line":22,"column":60},"end":{"line":22,"column":82}}],"line":22},"4":{"loc":{"start":{"line":25,"column":4},"end":{"line":27,"column":5}},"type":"if","locations":[{"start":{"line":25,"column":4},"end":{"line":27,"column":5}},{"start":{"line":25,"column":4},"end":{"line":27,"column":5}}],"line":25},"5":{"loc":{"start":{"line":25,"column":8},"end":{"line":25,"column":70}},"type":"binary-expr","locations":[{"start":{"line":25,"column":8},"end":{"line":25,"column":26}},{"start":{"line":25,"column":30},"end":{"line":25,"column":48}},{"start":{"line":25,"column":52},"end":{"line":25,"column":70}}],"line":25},"6":{"loc":{"start":{"line":28,"column":4},"end":{"line":30,"column":5}},"type":"if","locations":[{"start":{"line":28,"column":4},"end":{"line":30,"column":5}},{"start":{"line":28,"column":4},"end":{"line":30,"column":5}}],"line":28},"7":{"loc":{"start":{"line":28,"column":8},"end":{"line":28,"column":31}},"type":"binary-expr","locations":[{"start":{"line":28,"column":8},"end":{"line":28,"column":13}},{"start":{"line":28,"column":17},"end":{"line":28,"column":22}},{"start":{"line":28,"column":26},"end":{"line":28,"column":31}}],"line":28}},"s":{"0":5,"1":1,"2":4,"3":1,"4":3,"5":1,"6":2,"7":1,"8":1,"9":1,"10":1,"11":1,"12":1,"13":2,"14":2,"15":2,"16":2,"17":1,"18":1},"f":{"0":5},"b":{"0":[1,4],"1":[5,4,4,4,4,4],"2":[1,3],"3":[4,3,3],"4":[1,2],"5":[3,2,2],"6":[1,1],"7":[2,1,1]},"_coverageSchema":"43e27e138ebf9cfc5966b082cf9a028302ed4184","hash":"3db80fce7953aaf183b9b4cc99df8b4337278168"}
,"/home/aluno/Documentos/cs-2019-01/aula-01/js/ex12.js": {"path":"/home/aluno/Documentos/cs-2019-01/aula-01/js/ex12.js","statementMap":{"0":{"start":{"line":14,"column":4},"end":{"line":16,"column":5}},"1":{"start":{"line":15,"column":8},"end":{"line":15,"column":89}},"2":{"start":{"line":17,"column":4},"end":{"line":19,"column":5}},"3":{"start":{"line":18,"column":8},"end":{"line":18,"column":55}},"4":{"start":{"line":20,"column":4},"end":{"line":22,"column":5}},"5":{"start":{"line":21,"column":8},"end":{"line":21,"column":53}},"6":{"start":{"line":23,"column":4},"end":{"line":25,"column":5}},"7":{"start":{"line":24,"column":8},"end":{"line":24,"column":62}},"8":{"start":{"line":26,"column":12},"end":{"line":26,"column":13}},"9":{"start":{"line":27,"column":12},"end":{"line":27,"column":13}},"10":{"start":{"line":28,"column":4},"end":{"line":31,"column":5}},"11":{"start":{"line":29,"column":8},"end":{"line":29,"column":15}},"12":{"start":{"line":30,"column":8},"end":{"line":30,"column":15}},"13":{"start":{"line":32,"column":4},"end":{"line":32,"column":18}},"14":{"start":{"line":34,"column":0},"end":{"line":34,"column":34}}},"fnMap":{"0":{"name":"quadradoPerfeito","decl":{"start":{"line":13,"column":9},"end":{"line":13,"column":25}},"loc":{"start":{"line":13,"column":29},"end":{"line":33,"column":1}},"line":13}},"branchMap":{"0":{"loc":{"start":{"line":14,"column":4},"end":{"line":16,"column":5}},"type":"if","locations":[{"start":{"line":14,"column":4},"end":{"line":16,"column":5}},{"start":{"line":14,"column":4},"end":{"line":16,"column":5}}],"line":14},"1":{"loc":{"start":{"line":14,"column":8},"end":{"line":14,"column":35}},"type":"binary-expr","locations":[{"start":{"line":14,"column":8},"end":{"line":14,"column":17}},{"start":{"line":14,"column":21},"end":{"line":14,"column":35}}],"line":14},"2":{"loc":{"start":{"line":17,"column":4},"end":{"line":19,"column":5}},"type":"if","locations":[{"start":{"line":17,"column":4},"end":{"line":19,"column":5}},{"start":{"line":17,"column":4},"end":{"line":19,"column":5}}],"line":17},"3":{"loc":{"start":{"line":20,"column":4},"end":{"line":22,"column":5}},"type":"if","locations":[{"start":{"line":20,"column":4},"end":{"line":22,"column":5}},{"start":{"line":20,"column":4},"end":{"line":22,"column":5}}],"line":20},"4":{"loc":{"start":{"line":23,"column":4},"end":{"line":25,"column":5}},"type":"if","locations":[{"start":{"line":23,"column":4},"end":{"line":25,"column":5}},{"start":{"line":23,"column":4},"end":{"line":25,"column":5}}],"line":23}},"s":{"0":6,"1":1,"2":5,"3":1,"4":4,"5":1,"6":3,"7":1,"8":2,"9":2,"10":2,"11":3,"12":3,"13":2,"14":1},"f":{"0":6},"b":{"0":[1,5],"1":[6,5],"2":[1,4],"3":[1,3],"4":[1,2]},"_coverageSchema":"43e27e138ebf9cfc5966b082cf9a028302ed4184","hash":"092b39b42bf94c74d17358a421447e22dec167a8"}
,"/home/aluno/Documentos/cs-2019-01/aula-01/js/ex13.js": {"path":"/home/aluno/Documentos/cs-2019-01/aula-01/js/ex13.js","statementMap":{"0":{"start":{"line":16,"column":4},"end":{"line":18,"column":5}},"1":{"start":{"line":17,"column":8},"end":{"line":17,"column":89}},"2":{"start":{"line":19,"column":4},"end":{"line":21,"column":5}},"3":{"start":{"line":20,"column":8},"end":{"line":20,"column":55}},"4":{"start":{"line":22,"column":4},"end":{"line":24,"column":5}},"5":{"start":{"line":23,"column":8},"end":{"line":23,"column":53}},"6":{"start":{"line":25,"column":4},"end":{"line":27,"column":5}},"7":{"start":{"line":26,"column":8},"end":{"line":26,"column":62}},"8":{"start":{"line":28,"column":12},"end":{"line":28,"column":13}},"9":{"start":{"line":29,"column":4},"end":{"line":32,"column":5}},"10":{"start":{"line":30,"column":8},"end":{"line":30,"column":26}},"11":{"start":{"line":31,"column":8},"end":{"line":31,"column":15}},"12":{"start":{"line":33,"column":4},"end":{"line":33,"column":13}},"13":{"start":{"line":35,"column":0},"end":{"line":35,"column":22}}},"fnMap":{"0":{"name":"raiz","decl":{"start":{"line":15,"column":9},"end":{"line":15,"column":13}},"loc":{"start":{"line":15,"column":21},"end":{"line":34,"column":1}},"line":15}},"branchMap":{"0":{"loc":{"start":{"line":16,"column":4},"end":{"line":18,"column":5}},"type":"if","locations":[{"start":{"line":16,"column":4},"end":{"line":18,"column":5}},{"start":{"line":16,"column":4},"end":{"line":18,"column":5}}],"line":16},"1":{"loc":{"start":{"line":16,"column":8},"end":{"line":16,"column":66}},"type":"binary-expr","locations":[{"start":{"line":16,"column":8},"end":{"line":16,"column":17}},{"start":{"line":16,"column":21},"end":{"line":16,"column":35}},{"start":{"line":16,"column":39},"end":{"line":16,"column":48}},{"start":{"line":16,"column":52},"end":{"line":16,"column":66}}],"line":16},"2":{"loc":{"start":{"line":19,"column":4},"end":{"line":21,"column":5}},"type":"if","locations":[{"start":{"line":19,"column":4},"end":{"line":21,"column":5}},{"start":{"line":19,"column":4},"end":{"line":21,"column":5}}],"line":19},"3":{"loc":{"start":{"line":19,"column":8},"end":{"line":19,"column":56}},"type":"binary-expr","locations":[{"start":{"line":19,"column":8},"end":{"line":19,"column":30}},{"start":{"line":19,"column":34},"end":{"line":19,"column":56}}],"line":19},"4":{"loc":{"start":{"line":22,"column":4},"end":{"line":24,"column":5}},"type":"if","locations":[{"start":{"line":22,"column":4},"end":{"line":24,"column":5}},{"start":{"line":22,"column":4},"end":{"line":24,"column":5}}],"line":22},"5":{"loc":{"start":{"line":22,"column":8},"end":{"line":22,"column":48}},"type":"binary-expr","locations":[{"start":{"line":22,"column":8},"end":{"line":22,"column":26}},{"start":{"line":22,"column":30},"end":{"line":22,"column":48}}],"line":22},"6":{"loc":{"start":{"line":25,"column":4},"end":{"line":27,"column":5}},"type":"if","locations":[{"start":{"line":25,"column":4},"end":{"line":27,"column":5}},{"start":{"line":25,"column":4},"end":{"line":27,"column":5}}],"line":25},"7":{"loc":{"start":{"line":25,"column":8},"end":{"line":25,"column":22}},"type":"binary-expr","locations":[{"start":{"line":25,"column":8},"end":{"line":25,"column":13}},{"start":{"line":25,"column":17},"end":{"line":25,"column":22}}],"line":25}},"s":{"0":5,"1":1,"2":4,"3":1,"4":3,"5":1,"6":2,"7":1,"8":1,"9":1,"10":1001,"11":1001,"12":1,"13":1},"f":{"0":5},"b":{"0":[1,4],"1":[5,4,4,4],"2":[1,3],"3":[4,3],"4":[1,2],"5":[3,2],"6":[1,1],"7":[2,1]},"_coverageSchema":"43e27e138ebf9cfc5966b082cf9a028302ed4184","hash":"b0434c303b5f3266a1ceaaec939920ffc5995915"}
,"/home/aluno/Documentos/cs-2019-01/aula-01/js/ex2.js": {"path":"/home/aluno/Documentos/cs-2019-01/aula-01/js/ex2.js","statementMap":{"0":{"start":{"line":15,"column":4},"end":{"line":17,"column":5}},"1":{"start":{"line":16,"column":8},"end":{"line":16,"column":89}},"2":{"start":{"line":18,"column":4},"end":{"line":20,"column":5}},"3":{"start":{"line":19,"column":8},"end":{"line":19,"column":55}},"4":{"start":{"line":21,"column":4},"end":{"line":23,"column":5}},"5":{"start":{"line":22,"column":8},"end":{"line":22,"column":53}},"6":{"start":{"line":24,"column":4},"end":{"line":26,"column":5}},"7":{"start":{"line":25,"column":8},"end":{"line":25,"column":62}},"8":{"start":{"line":27,"column":14},"end":{"line":27,"column":38}},"9":{"start":{"line":28,"column":14},"end":{"line":28,"column":38}},"10":{"start":{"line":29,"column":14},"end":{"line":29,"column":32}},"11":{"start":{"line":30,"column":14},"end":{"line":30,"column":20}},"12":{"start":{"line":31,"column":4},"end":{"line":31,"column":72}},"13":{"start":{"line":33,"column":0},"end":{"line":33,"column":32}}},"fnMap":{"0":{"name":"propriedade153","decl":{"start":{"line":14,"column":9},"end":{"line":14,"column":23}},"loc":{"start":{"line":14,"column":32},"end":{"line":32,"column":1}},"line":14}},"branchMap":{"0":{"loc":{"start":{"line":15,"column":4},"end":{"line":17,"column":5}},"type":"if","locations":[{"start":{"line":15,"column":4},"end":{"line":17,"column":5}},{"start":{"line":15,"column":4},"end":{"line":17,"column":5}}],"line":15},"1":{"loc":{"start":{"line":15,"column":8},"end":{"line":15,"column":45}},"type":"binary-expr","locations":[{"start":{"line":15,"column":8},"end":{"line":15,"column":22}},{"start":{"line":15,"column":26},"end":{"line":15,"column":45}}],"line":15},"2":{"loc":{"start":{"line":18,"column":4},"end":{"line":20,"column":5}},"type":"if","locations":[{"start":{"line":18,"column":4},"end":{"line":20,"column":5}},{"start":{"line":18,"column":4},"end":{"line":20,"column":5}}],"line":18},"3":{"loc":{"start":{"line":21,"column":4},"end":{"line":23,"column":5}},"type":"if","locations":[{"start":{"line":21,"column":4},"end":{"line":23,"column":5}},{"start":{"line":21,"column":4},"end":{"line":23,"column":5}}],"line":21},"4":{"loc":{"start":{"line":24,"column":4},"end":{"line":26,"column":5}},"type":"if","locations":[{"start":{"line":24,"column":4},"end":{"line":26,"column":5}},{"start":{"line":24,"column":4},"end":{"line":26,"column":5}}],"line":24},"5":{"loc":{"start":{"line":24,"column":8},"end":{"line":24,"column":38}},"type":"binary-expr","locations":[{"start":{"line":24,"column":8},"end":{"line":24,"column":21}},{"start":{"line":24,"column":25},"end":{"line":24,"column":38}}],"line":24}},"s":{"0":7,"1":1,"2":6,"3":1,"4":5,"5":1,"6":4,"7":2,"8":2,"9":2,"10":2,"11":2,"12":2,"13":1},"f":{"0":7},"b":{"0":[1,6],"1":[7,6],"2":[1,5],"3":[1,4],"4":[2,2],"5":[4,3]},"_coverageSchema":"43e27e138ebf9cfc5966b082cf9a028302ed4184","hash":"aca27247c01711d99bf37ef830d05cc0bc92652d"}
,"/home/aluno/Documentos/cs-2019-01/aula-01/js/ex3.js": {"path":"/home/aluno/Documentos/cs-2019-01/aula-01/js/ex3.js","statementMap":{"0":{"start":{"line":19,"column":4},"end":{"line":21,"column":5}},"1":{"start":{"line":20,"column":8},"end":{"line":20,"column":89}},"2":{"start":{"line":22,"column":4},"end":{"line":24,"column":5}},"3":{"start":{"line":23,"column":8},"end":{"line":23,"column":55}},"4":{"start":{"line":25,"column":4},"end":{"line":27,"column":5}},"5":{"start":{"line":26,"column":8},"end":{"line":26,"column":53}},"6":{"start":{"line":28,"column":4},"end":{"line":30,"column":5}},"7":{"start":{"line":29,"column":8},"end":{"line":29,"column":62}},"8":{"start":{"line":31,"column":4},"end":{"line":34,"column":5}},"9":{"start":{"line":32,"column":8},"end":{"line":32,"column":18}},"10":{"start":{"line":33,"column":8},"end":{"line":33,"column":14}},"11":{"start":{"line":35,"column":14},"end":{"line":35,"column":99}},"12":{"start":{"line":36,"column":4},"end":{"line":36,"column":17}},"13":{"start":{"line":38,"column":0},"end":{"line":38,"column":29}}},"fnMap":{"0":{"name":"diadasemana","decl":{"start":{"line":18,"column":9},"end":{"line":18,"column":20}},"loc":{"start":{"line":18,"column":36},"end":{"line":37,"column":1}},"line":18}},"branchMap":{"0":{"loc":{"start":{"line":19,"column":4},"end":{"line":21,"column":5}},"type":"if","locations":[{"start":{"line":19,"column":4},"end":{"line":21,"column":5}},{"start":{"line":19,"column":4},"end":{"line":21,"column":5}}],"line":19},"1":{"loc":{"start":{"line":19,"column":8},"end":{"line":19,"column":109}},"type":"binary-expr","locations":[{"start":{"line":19,"column":8},"end":{"line":19,"column":19}},{"start":{"line":19,"column":23},"end":{"line":19,"column":39}},{"start":{"line":19,"column":43},"end":{"line":19,"column":54}},{"start":{"line":19,"column":58},"end":{"line":19,"column":74}},{"start":{"line":19,"column":78},"end":{"line":19,"column":89}},{"start":{"line":19,"column":93},"end":{"line":19,"column":109}}],"line":19},"2":{"loc":{"start":{"line":22,"column":4},"end":{"line":24,"column":5}},"type":"if","locations":[{"start":{"line":22,"column":4},"end":{"line":24,"column":5}},{"start":{"line":22,"column":4},"end":{"line":24,"column":5}}],"line":22},"3":{"loc":{"start":{"line":22,"column":8},"end":{"line":22,"column":88}},"type":"binary-expr","locations":[{"start":{"line":22,"column":8},"end":{"line":22,"column":32}},{"start":{"line":22,"column":36},"end":{"line":22,"column":60}},{"start":{"line":22,"column":64},"end":{"line":22,"column":88}}],"line":22},"4":{"loc":{"start":{"line":25,"column":4},"end":{"line":27,"column":5}},"type":"if","locations":[{"start":{"line":25,"column":4},"end":{"line":27,"column":5}},{"start":{"line":25,"column":4},"end":{"line":27,"column":5}}],"line":25},"5":{"loc":{"start":{"line":25,"column":8},"end":{"line":25,"column":82}},"type":"binary-expr","locations":[{"start":{"line":25,"column":8},"end":{"line":25,"column":30}},{"start":{"line":25,"column":34},"end":{"line":25,"column":56}},{"start":{"line":25,"column":60},"end":{"line":25,"column":82}}],"line":25},"6":{"loc":{"start":{"line":28,"column":4},"end":{"line":30,"column":5}},"type":"if","locations":[{"start":{"line":28,"column":4},"end":{"line":30,"column":5}},{"start":{"line":28,"column":4},"end":{"line":30,"column":5}}],"line":28},"7":{"loc":{"start":{"line":28,"column":8},"end":{"line":28,"column":65}},"type":"binary-expr","locations":[{"start":{"line":28,"column":8},"end":{"line":28,"column":15}},{"start":{"line":28,"column":19},"end":{"line":28,"column":27}},{"start":{"line":28,"column":31},"end":{"line":28,"column":38}},{"start":{"line":28,"column":42},"end":{"line":28,"column":50}},{"start":{"line":28,"column":54},"end":{"line":28,"column":65}}],"line":28},"8":{"loc":{"start":{"line":31,"column":4},"end":{"line":34,"column":5}},"type":"if","locations":[{"start":{"line":31,"column":4},"end":{"line":34,"column":5}},{"start":{"line":31,"column":4},"end":{"line":34,"column":5}}],"line":31},"9":{"loc":{"start":{"line":31,"column":8},"end":{"line":31,"column":28}},"type":"binary-expr","locations":[{"start":{"line":31,"column":8},"end":{"line":31,"column":16}},{"start":{"line":31,"column":20},"end":{"line":31,"column":28}}],"line":31}},"s":{"0":7,"1":1,"2":6,"3":1,"4":5,"5":1,"6":4,"7":2,"8":2,"9":1,"10":1,"11":2,"12":2,"13":1},"f":{"0":7},"b":{"0":[1,6],"1":[7,6,6,6,6,6],"2":[1,5],"3":[6,5,5],"4":[1,4],"5":[5,4,4],"6":[2,2],"7":[4,4,3,3,3],"8":[1,1],"9":[2,2]},"_coverageSchema":"43e27e138ebf9cfc5966b082cf9a028302ed4184","hash":"8a87c736acced22abbd5b98806d188eecd32fe45"}
,"/home/aluno/Documentos/cs-2019-01/aula-01/js/ex4.js": {"path":"/home/aluno/Documentos/cs-2019-01/aula-01/js/ex4.js","statementMap":{"0":{"start":{"line":15,"column":4},"end":{"line":17,"column":5}},"1":{"start":{"line":16,"column":8},"end":{"line":16,"column":89}},"2":{"start":{"line":18,"column":4},"end":{"line":20,"column":5}},"3":{"start":{"line":19,"column":8},"end":{"line":19,"column":55}},"4":{"start":{"line":21,"column":4},"end":{"line":23,"column":5}},"5":{"start":{"line":22,"column":8},"end":{"line":22,"column":53}},"6":{"start":{"line":24,"column":4},"end":{"line":26,"column":5}},"7":{"start":{"line":25,"column":8},"end":{"line":25,"column":62}},"8":{"start":{"line":27,"column":12},"end":{"line":27,"column":13}},"9":{"start":{"line":28,"column":4},"end":{"line":30,"column":5}},"10":{"start":{"line":29,"column":8},"end":{"line":29,"column":15}},"11":{"start":{"line":31,"column":4},"end":{"line":31,"column":13}},"12":{"start":{"line":33,"column":0},"end":{"line":33,"column":21}}},"fnMap":{"0":{"name":"mod","decl":{"start":{"line":14,"column":9},"end":{"line":14,"column":12}},"loc":{"start":{"line":14,"column":19},"end":{"line":32,"column":1}},"line":14}},"branchMap":{"0":{"loc":{"start":{"line":15,"column":4},"end":{"line":17,"column":5}},"type":"if","locations":[{"start":{"line":15,"column":4},"end":{"line":17,"column":5}},{"start":{"line":15,"column":4},"end":{"line":17,"column":5}}],"line":15},"1":{"loc":{"start":{"line":15,"column":8},"end":{"line":15,"column":66}},"type":"binary-expr","locations":[{"start":{"line":15,"column":8},"end":{"line":15,"column":17}},{"start":{"line":15,"column":21},"end":{"line":15,"column":35}},{"start":{"line":15,"column":39},"end":{"line":15,"column":48}},{"start":{"line":15,"column":52},"end":{"line":15,"column":66}}],"line":15},"2":{"loc":{"start":{"line":18,"column":4},"end":{"line":20,"column":5}},"type":"if","locations":[{"start":{"line":18,"column":4},"end":{"line":20,"column":5}},{"start":{"line":18,"column":4},"end":{"line":20,"column":5}}],"line":18},"3":{"loc":{"start":{"line":18,"column":8},"end":{"line":18,"column":56}},"type":"binary-expr","locations":[{"start":{"line":18,"column":8},"end":{"line":18,"column":30}},{"start":{"line":18,"column":34},"end":{"line":18,"column":56}}],"line":18},"4":{"loc":{"start":{"line":21,"column":4},"end":{"line":23,"column":5}},"type":"if","locations":[{"start":{"line":21,"column":4},"end":{"line":23,"column":5}},{"start":{"line":21,"column":4},"end":{"line":23,"column":5}}],"line":21},"5":{"loc":{"start":{"line":21,"column":8},"end":{"line":21,"column":48}},"type":"binary-expr","locations":[{"start":{"line":21,"column":8},"end":{"line":21,"column":26}},{"start":{"line":21,"column":30},"end":{"line":21,"column":48}}],"line":21},"6":{"loc":{"start":{"line":24,"column":4},"end":{"line":26,"column":5}},"type":"if","locations":[{"start":{"line":24,"column":4},"end":{"line":26,"column":5}},{"start":{"line":24,"column":4},"end":{"line":26,"column":5}}],"line":24},"7":{"loc":{"start":{"line":24,"column":8},"end":{"line":24,"column":23}},"type":"binary-expr","locations":[{"start":{"line":24,"column":8},"end":{"line":24,"column":13}},{"start":{"line":24,"column":17},"end":{"line":24,"column":23}}],"line":24}},"s":{"0":6,"1":1,"2":5,"3":1,"4":4,"5":1,"6":3,"7":1,"8":2,"9":2,"10":1,"11":2,"12":1},"f":{"0":6},"b":{"0":[1,5],"1":[6,5,5,5],"2":[1,4],"3":[5,4],"4":[1,3],"5":[4,3],"6":[1,2],"7":[3,2]},"_coverageSchema":"43e27e138ebf9cfc5966b082cf9a028302ed4184","hash":"2ba083a436f1dde26f674491ef3d229b54ed3491"}
,"/home/aluno/Documentos/cs-2019-01/aula-01/js/ex5.js": {"path":"/home/aluno/Documentos/cs-2019-01/aula-01/js/ex5.js","statementMap":{"0":{"start":{"line":14,"column":4},"end":{"line":16,"column":5}},"1":{"start":{"line":15,"column":8},"end":{"line":15,"column":89}},"2":{"start":{"line":17,"column":4},"end":{"line":19,"column":5}},"3":{"start":{"line":18,"column":8},"end":{"line":18,"column":55}},"4":{"start":{"line":20,"column":4},"end":{"line":22,"column":5}},"5":{"start":{"line":21,"column":8},"end":{"line":21,"column":53}},"6":{"start":{"line":23,"column":4},"end":{"line":25,"column":5}},"7":{"start":{"line":24,"column":8},"end":{"line":24,"column":62}},"8":{"start":{"line":26,"column":12},"end":{"line":26,"column":13}},"9":{"start":{"line":27,"column":12},"end":{"line":27,"column":13}},"10":{"start":{"line":28,"column":4},"end":{"line":31,"column":5}},"11":{"start":{"line":29,"column":8},"end":{"line":29,"column":15}},"12":{"start":{"line":30,"column":8},"end":{"line":30,"column":12}},"13":{"start":{"line":32,"column":4},"end":{"line":32,"column":13}},"14":{"start":{"line":34,"column":0},"end":{"line":34,"column":30}}},"fnMap":{"0":{"name":"somaNaturais","decl":{"start":{"line":13,"column":9},"end":{"line":13,"column":21}},"loc":{"start":{"line":13,"column":30},"end":{"line":33,"column":1}},"line":13}},"branchMap":{"0":{"loc":{"start":{"line":14,"column":4},"end":{"line":16,"column":5}},"type":"if","locations":[{"start":{"line":14,"column":4},"end":{"line":16,"column":5}},{"start":{"line":14,"column":4},"end":{"line":16,"column":5}}],"line":14},"1":{"loc":{"start":{"line":14,"column":8},"end":{"line":14,"column":45}},"type":"binary-expr","locations":[{"start":{"line":14,"column":8},"end":{"line":14,"column":22}},{"start":{"line":14,"column":26},"end":{"line":14,"column":45}}],"line":14},"2":{"loc":{"start":{"line":17,"column":4},"end":{"line":19,"column":5}},"type":"if","locations":[{"start":{"line":17,"column":4},"end":{"line":19,"column":5}},{"start":{"line":17,"column":4},"end":{"line":19,"column":5}}],"line":17},"3":{"loc":{"start":{"line":20,"column":4},"end":{"line":22,"column":5}},"type":"if","locations":[{"start":{"line":20,"column":4},"end":{"line":22,"column":5}},{"start":{"line":20,"column":4},"end":{"line":22,"column":5}}],"line":20},"4":{"loc":{"start":{"line":23,"column":4},"end":{"line":25,"column":5}},"type":"if","locations":[{"start":{"line":23,"column":4},"end":{"line":25,"column":5}},{"start":{"line":23,"column":4},"end":{"line":25,"column":5}}],"line":23}},"s":{"0":5,"1":1,"2":4,"3":1,"4":3,"5":1,"6":2,"7":1,"8":1,"9":1,"10":1,"11":2,"12":2,"13":1,"14":1},"f":{"0":5},"b":{"0":[1,4],"1":[5,4],"2":[1,3],"3":[1,2],"4":[1,1]},"_coverageSchema":"43e27e138ebf9cfc5966b082cf9a028302ed4184","hash":"15f175aef8255b5a7e0bb624499bc5772f87632d"}
,"/home/aluno/Documentos/cs-2019-01/aula-01/js/ex6.js": {"path":"/home/aluno/Documentos/cs-2019-01/aula-01/js/ex6.js","statementMap":{"0":{"start":{"line":14,"column":4},"end":{"line":16,"column":5}},"1":{"start":{"line":15,"column":8},"end":{"line":15,"column":89}},"2":{"start":{"line":17,"column":4},"end":{"line":19,"column":5}},"3":{"start":{"line":18,"column":8},"end":{"line":18,"column":55}},"4":{"start":{"line":20,"column":4},"end":{"line":22,"column":5}},"5":{"start":{"line":21,"column":8},"end":{"line":21,"column":53}},"6":{"start":{"line":23,"column":4},"end":{"line":25,"column":5}},"7":{"start":{"line":24,"column":8},"end":{"line":24,"column":62}},"8":{"start":{"line":26,"column":12},"end":{"line":26,"column":13}},"9":{"start":{"line":27,"column":12},"end":{"line":27,"column":13}},"10":{"start":{"line":28,"column":4},"end":{"line":31,"column":5}},"11":{"start":{"line":29,"column":8},"end":{"line":29,"column":15}},"12":{"start":{"line":30,"column":8},"end":{"line":30,"column":12}},"13":{"start":{"line":32,"column":4},"end":{"line":32,"column":13}},"14":{"start":{"line":34,"column":0},"end":{"line":34,"column":26}}},"fnMap":{"0":{"name":"fatorial","decl":{"start":{"line":13,"column":9},"end":{"line":13,"column":17}},"loc":{"start":{"line":13,"column":26},"end":{"line":33,"column":1}},"line":13}},"branchMap":{"0":{"loc":{"start":{"line":14,"column":4},"end":{"line":16,"column":5}},"type":"if","locations":[{"start":{"line":14,"column":4},"end":{"line":16,"column":5}},{"start":{"line":14,"column":4},"end":{"line":16,"column":5}}],"line":14},"1":{"loc":{"start":{"line":14,"column":8},"end":{"line":14,"column":45}},"type":"binary-expr","locations":[{"start":{"line":14,"column":8},"end":{"line":14,"column":22}},{"start":{"line":14,"column":26},"end":{"line":14,"column":45}}],"line":14},"2":{"loc":{"start":{"line":17,"column":4},"end":{"line":19,"column":5}},"type":"if","locations":[{"start":{"line":17,"column":4},"end":{"line":19,"column":5}},{"start":{"line":17,"column":4},"end":{"line":19,"column":5}}],"line":17},"3":{"loc":{"start":{"line":20,"column":4},"end":{"line":22,"column":5}},"type":"if","locations":[{"start":{"line":20,"column":4},"end":{"line":22,"column":5}},{"start":{"line":20,"column":4},"end":{"line":22,"column":5}}],"line":20},"4":{"loc":{"start":{"line":23,"column":4},"end":{"line":25,"column":5}},"type":"if","locations":[{"start":{"line":23,"column":4},"end":{"line":25,"column":5}},{"start":{"line":23,"column":4},"end":{"line":25,"column":5}}],"line":23}},"s":{"0":5,"1":1,"2":4,"3":1,"4":3,"5":1,"6":2,"7":1,"8":1,"9":1,"10":1,"11":4,"12":4,"13":1,"14":1},"f":{"0":5},"b":{"0":[1,4],"1":[5,4],"2":[1,3],"3":[1,2],"4":[1,1]},"_coverageSchema":"43e27e138ebf9cfc5966b082cf9a028302ed4184","hash":"4848ef759717fcba832381988bd8b89c6d8d5695"}
,"/home/aluno/Documentos/cs-2019-01/aula-01/js/ex7.js": {"path":"/home/aluno/Documentos/cs-2019-01/aula-01/js/ex7.js","statementMap":{"0":{"start":{"line":16,"column":4},"end":{"line":18,"column":5}},"1":{"start":{"line":17,"column":8},"end":{"line":17,"column":89}},"2":{"start":{"line":19,"column":4},"end":{"line":21,"column":5}},"3":{"start":{"line":20,"column":8},"end":{"line":20,"column":55}},"4":{"start":{"line":22,"column":4},"end":{"line":24,"column":5}},"5":{"start":{"line":23,"column":8},"end":{"line":23,"column":53}},"6":{"start":{"line":25,"column":4},"end":{"line":27,"column":5}},"7":{"start":{"line":26,"column":8},"end":{"line":26,"column":62}},"8":{"start":{"line":28,"column":12},"end":{"line":28,"column":13}},"9":{"start":{"line":29,"column":12},"end":{"line":29,"column":13}},"10":{"start":{"line":30,"column":4},"end":{"line":33,"column":5}},"11":{"start":{"line":31,"column":8},"end":{"line":31,"column":14}},"12":{"start":{"line":32,"column":8},"end":{"line":32,"column":14}},"13":{"start":{"line":34,"column":12},"end":{"line":34,"column":13}},"14":{"start":{"line":35,"column":12},"end":{"line":35,"column":13}},"15":{"start":{"line":36,"column":4},"end":{"line":39,"column":5}},"16":{"start":{"line":37,"column":8},"end":{"line":37,"column":15}},"17":{"start":{"line":38,"column":8},"end":{"line":38,"column":12}},"18":{"start":{"line":40,"column":4},"end":{"line":40,"column":13}},"19":{"start":{"line":42,"column":0},"end":{"line":42,"column":25}}},"fnMap":{"0":{"name":"produto","decl":{"start":{"line":15,"column":9},"end":{"line":15,"column":16}},"loc":{"start":{"line":15,"column":23},"end":{"line":41,"column":1}},"line":15}},"branchMap":{"0":{"loc":{"start":{"line":16,"column":4},"end":{"line":18,"column":5}},"type":"if","locations":[{"start":{"line":16,"column":4},"end":{"line":18,"column":5}},{"start":{"line":16,"column":4},"end":{"line":18,"column":5}}],"line":16},"1":{"loc":{"start":{"line":16,"column":8},"end":{"line":16,"column":66}},"type":"binary-expr","locations":[{"start":{"line":16,"column":8},"end":{"line":16,"column":17}},{"start":{"line":16,"column":21},"end":{"line":16,"column":35}},{"start":{"line":16,"column":39},"end":{"line":16,"column":48}},{"start":{"line":16,"column":52},"end":{"line":16,"column":66}}],"line":16},"2":{"loc":{"start":{"line":19,"column":4},"end":{"line":21,"column":5}},"type":"if","locations":[{"start":{"line":19,"column":4},"end":{"line":21,"column":5}},{"start":{"line":19,"column":4},"end":{"line":21,"column":5}}],"line":19},"3":{"loc":{"start":{"line":19,"column":8},"end":{"line":19,"column":56}},"type":"binary-expr","locations":[{"start":{"line":19,"column":8},"end":{"line":19,"column":30}},{"start":{"line":19,"column":34},"end":{"line":19,"column":56}}],"line":19},"4":{"loc":{"start":{"line":22,"column":4},"end":{"line":24,"column":5}},"type":"if","locations":[{"start":{"line":22,"column":4},"end":{"line":24,"column":5}},{"start":{"line":22,"column":4},"end":{"line":24,"column":5}}],"line":22},"5":{"loc":{"start":{"line":22,"column":8},"end":{"line":22,"column":48}},"type":"binary-expr","locations":[{"start":{"line":22,"column":8},"end":{"line":22,"column":26}},{"start":{"line":22,"column":30},"end":{"line":22,"column":48}}],"line":22},"6":{"loc":{"start":{"line":25,"column":4},"end":{"line":27,"column":5}},"type":"if","locations":[{"start":{"line":25,"column":4},"end":{"line":27,"column":5}},{"start":{"line":25,"column":4},"end":{"line":27,"column":5}}],"line":25},"7":{"loc":{"start":{"line":25,"column":8},"end":{"line":25,"column":22}},"type":"binary-expr","locations":[{"start":{"line":25,"column":8},"end":{"line":25,"column":13}},{"start":{"line":25,"column":17},"end":{"line":25,"column":22}}],"line":25},"8":{"loc":{"start":{"line":30,"column":4},"end":{"line":33,"column":5}},"type":"if","locations":[{"start":{"line":30,"column":4},"end":{"line":33,"column":5}},{"start":{"line":30,"column":4},"end":{"line":33,"column":5}}],"line":30}},"s":{"0":6,"1":1,"2":5,"3":1,"4":4,"5":1,"6":3,"7":1,"8":2,"9":2,"10":2,"11":1,"12":1,"13":2,"14":2,"15":2,"16":2,"17":2,"18":2,"19":1},"f":{"0":6},"b":{"0":[1,5],"1":[6,5,5,5],"2":[1,4],"3":[5,4],"4":[1,3],"5":[4,3],"6":[1,2],"7":[3,2],"8":[1,1]},"_coverageSchema":"43e27e138ebf9cfc5966b082cf9a028302ed4184","hash":"ff7fdac6f402e6c22d228cf6b0a798d57e11dc04"}
,"/home/aluno/Documentos/cs-2019-01/aula-01/js/ex8.js": {"path":"/home/aluno/Documentos/cs-2019-01/aula-01/js/ex8.js","statementMap":{"0":{"start":{"line":16,"column":4},"end":{"line":18,"column":5}},"1":{"start":{"line":17,"column":8},"end":{"line":17,"column":89}},"2":{"start":{"line":19,"column":4},"end":{"line":21,"column":5}},"3":{"start":{"line":20,"column":8},"end":{"line":20,"column":55}},"4":{"start":{"line":22,"column":4},"end":{"line":24,"column":5}},"5":{"start":{"line":23,"column":8},"end":{"line":23,"column":53}},"6":{"start":{"line":25,"column":4},"end":{"line":27,"column":5}},"7":{"start":{"line":26,"column":8},"end":{"line":26,"column":62}},"8":{"start":{"line":28,"column":12},"end":{"line":28,"column":13}},"9":{"start":{"line":29,"column":12},"end":{"line":29,"column":13}},"10":{"start":{"line":30,"column":4},"end":{"line":33,"column":5}},"11":{"start":{"line":31,"column":8},"end":{"line":31,"column":14}},"12":{"start":{"line":32,"column":8},"end":{"line":32,"column":14}},"13":{"start":{"line":34,"column":12},"end":{"line":34,"column":13}},"14":{"start":{"line":35,"column":12},"end":{"line":35,"column":13}},"15":{"start":{"line":36,"column":4},"end":{"line":39,"column":5}},"16":{"start":{"line":37,"column":8},"end":{"line":37,"column":15}},"17":{"start":{"line":38,"column":8},"end":{"line":38,"column":12}},"18":{"start":{"line":40,"column":4},"end":{"line":40,"column":13}},"19":{"start":{"line":57,"column":4},"end":{"line":59,"column":5}},"20":{"start":{"line":58,"column":8},"end":{"line":58,"column":89}},"21":{"start":{"line":60,"column":4},"end":{"line":62,"column":5}},"22":{"start":{"line":61,"column":8},"end":{"line":61,"column":55}},"23":{"start":{"line":63,"column":4},"end":{"line":65,"column":5}},"24":{"start":{"line":64,"column":8},"end":{"line":64,"column":53}},"25":{"start":{"line":66,"column":4},"end":{"line":68,"column":5}},"26":{"start":{"line":67,"column":8},"end":{"line":67,"column":62}},"27":{"start":{"line":69,"column":12},"end":{"line":69,"column":13}},"28":{"start":{"line":70,"column":12},"end":{"line":70,"column":13}},"29":{"start":{"line":71,"column":4},"end":{"line":74,"column":5}},"30":{"start":{"line":72,"column":8},"end":{"line":72,"column":26}},"31":{"start":{"line":73,"column":8},"end":{"line":73,"column":12}},"32":{"start":{"line":75,"column":4},"end":{"line":75,"column":13}},"33":{"start":{"line":77,"column":0},"end":{"line":80,"column":2}}},"fnMap":{"0":{"name":"produto","decl":{"start":{"line":15,"column":9},"end":{"line":15,"column":16}},"loc":{"start":{"line":15,"column":23},"end":{"line":41,"column":1}},"line":15},"1":{"name":"potencia","decl":{"start":{"line":56,"column":9},"end":{"line":56,"column":17}},"loc":{"start":{"line":56,"column":24},"end":{"line":76,"column":1}},"line":56}},"branchMap":{"0":{"loc":{"start":{"line":16,"column":4},"end":{"line":18,"column":5}},"type":"if","locations":[{"start":{"line":16,"column":4},"end":{"line":18,"column":5}},{"start":{"line":16,"column":4},"end":{"line":18,"column":5}}],"line":16},"1":{"loc":{"start":{"line":16,"column":8},"end":{"line":16,"column":66}},"type":"binary-expr","locations":[{"start":{"line":16,"column":8},"end":{"line":16,"column":17}},{"start":{"line":16,"column":21},"end":{"line":16,"column":35}},{"start":{"line":16,"column":39},"end":{"line":16,"column":48}},{"start":{"line":16,"column":52},"end":{"line":16,"column":66}}],"line":16},"2":{"loc":{"start":{"line":19,"column":4},"end":{"line":21,"column":5}},"type":"if","locations":[{"start":{"line":19,"column":4},"end":{"line":21,"column":5}},{"start":{"line":19,"column":4},"end":{"line":21,"column":5}}],"line":19},"3":{"loc":{"start":{"line":19,"column":8},"end":{"line":19,"column":56}},"type":"binary-expr","locations":[{"start":{"line":19,"column":8},"end":{"line":19,"column":30}},{"start":{"line":19,"column":34},"end":{"line":19,"column":56}}],"line":19},"4":{"loc":{"start":{"line":22,"column":4},"end":{"line":24,"column":5}},"type":"if","locations":[{"start":{"line":22,"column":4},"end":{"line":24,"column":5}},{"start":{"line":22,"column":4},"end":{"line":24,"column":5}}],"line":22},"5":{"loc":{"start":{"line":22,"column":8},"end":{"line":22,"column":48}},"type":"binary-expr","locations":[{"start":{"line":22,"column":8},"end":{"line":22,"column":26}},{"start":{"line":22,"column":30},"end":{"line":22,"column":48}}],"line":22},"6":{"loc":{"start":{"line":25,"column":4},"end":{"line":27,"column":5}},"type":"if","locations":[{"start":{"line":25,"column":4},"end":{"line":27,"column":5}},{"start":{"line":25,"column":4},"end":{"line":27,"column":5}}],"line":25},"7":{"loc":{"start":{"line":25,"column":8},"end":{"line":25,"column":22}},"type":"binary-expr","locations":[{"start":{"line":25,"column":8},"end":{"line":25,"column":13}},{"start":{"line":25,"column":17},"end":{"line":25,"column":22}}],"line":25},"8":{"loc":{"start":{"line":30,"column":4},"end":{"line":33,"column":5}},"type":"if","locations":[{"start":{"line":30,"column":4},"end":{"line":33,"column":5}},{"start":{"line":30,"column":4},"end":{"line":33,"column":5}}],"line":30},"9":{"loc":{"start":{"line":57,"column":4},"end":{"line":59,"column":5}},"type":"if","locations":[{"start":{"line":57,"column":4},"end":{"line":59,"column":5}},{"start":{"line":57,"column":4},"end":{"line":59,"column":5}}],"line":57},"10":{"loc":{"start":{"line":57,"column":8},"end":{"line":57,"column":66}},"type":"binary-expr","locations":[{"start":{"line":57,"column":8},"end":{"line":57,"column":17}},{"start":{"line":57,"column":21},"end":{"line":57,"column":35}},{"start":{"line":57,"column":39},"end":{"line":57,"column":48}},{"start":{"line":57,"column":52},"end":{"line":57,"column":66}}],"line":57},"11":{"loc":{"start":{"line":60,"column":4},"end":{"line":62,"column":5}},"type":"if","locations":[{"start":{"line":60,"column":4},"end":{"line":62,"column":5}},{"start":{"line":60,"column":4},"end":{"line":62,"column":5}}],"line":60},"12":{"loc":{"start":{"line":60,"column":8},"end":{"line":60,"column":56}},"type":"binary-expr","locations":[{"start":{"line":60,"column":8},"end":{"line":60,"column":30}},{"start":{"line":60,"column":34},"end":{"line":60,"column":56}}],"line":60},"13":{"loc":{"start":{"line":63,"column":4},"end":{"line":65,"column":5}},"type":"if","locations":[{"start":{"line":63,"column":4},"end":{"line":65,"column":5}},{"start":{"line":63,"column":4},"end":{"line":65,"column":5}}],"line":63},"14":{"loc":{"start":{"line":63,"column":8},"end":{"line":63,"column":48}},"type":"binary-expr","locations":[{"start":{"line":63,"column":8},"end":{"line":63,"column":26}},{"start":{"line":63,"column":30},"end":{"line":63,"column":48}}],"line":63},"15":{"loc":{"start":{"line":66,"column":4},"end":{"line":68,"column":5}},"type":"if","locations":[{"start":{"line":66,"column":4},"end":{"line":68,"column":5}},{"start":{"line":66,"column":4},"end":{"line":68,"column":5}}],"line":66},"16":{"loc":{"start":{"line":66,"column":8},"end":{"line":66,"column":22}},"type":"binary-expr","locations":[{"start":{"line":66,"column":8},"end":{"line":66,"column":13}},{"start":{"line":66,"column":17},"end":{"line":66,"column":22}}],"line":66}},"s":{"0":9,"1":1,"2":8,"3":1,"4":7,"5":1,"6":6,"7":1,"8":5,"9":5,"10":5,"11":1,"12":1,"13":5,"14":5,"15":5,"16":5,"17":5,"18":5,"19":6,"20":1,"21":5,"22":1,"23":4,"24":1,"25":3,"26":1,"27":2,"28":2,"29":2,"30":3,"31":3,"32":2,"33":1},"f":{"0":9,"1":6},"b":{"0":[1,8],"1":[9,8,8,8],"2":[1,7],"3":[8,7],"4":[1,6],"5":[7,6],"6":[1,5],"7":[6,5],"8":[1,4],"9":[1,5],"10":[6,5,5,5],"11":[1,4],"12":[5,4],"13":[1,3],"14":[4,3],"15":[1,2],"16":[3,2]},"_coverageSchema":"43e27e138ebf9cfc5966b082cf9a028302ed4184","hash":"2ebd9322e8fa259823f03ed590eb73ef06acf082"}
,"/home/aluno/Documentos/cs-2019-01/aula-01/js/ex9.js": {"path":"/home/aluno/Documentos/cs-2019-01/aula-01/js/ex9.js","statementMap":{"0":{"start":{"line":14,"column":4},"end":{"line":16,"column":5}},"1":{"start":{"line":15,"column":8},"end":{"line":15,"column":89}},"2":{"start":{"line":17,"column":4},"end":{"line":19,"column":5}},"3":{"start":{"line":18,"column":8},"end":{"line":18,"column":55}},"4":{"start":{"line":20,"column":4},"end":{"line":22,"column":5}},"5":{"start":{"line":21,"column":8},"end":{"line":21,"column":53}},"6":{"start":{"line":23,"column":4},"end":{"line":25,"column":5}},"7":{"start":{"line":24,"column":8},"end":{"line":24,"column":62}},"8":{"start":{"line":26,"column":12},"end":{"line":26,"column":13}},"9":{"start":{"line":27,"column":12},"end":{"line":27,"column":14}},"10":{"start":{"line":28,"column":12},"end":{"line":28,"column":14}},"11":{"start":{"line":29,"column":12},"end":{"line":29,"column":13}},"12":{"start":{"line":30,"column":4},"end":{"line":35,"column":5}},"13":{"start":{"line":31,"column":8},"end":{"line":31,"column":15}},"14":{"start":{"line":32,"column":8},"end":{"line":32,"column":19}},"15":{"start":{"line":33,"column":8},"end":{"line":33,"column":19}},"16":{"start":{"line":34,"column":8},"end":{"line":34,"column":15}},"17":{"start":{"line":36,"column":4},"end":{"line":36,"column":13}},"18":{"start":{"line":38,"column":0},"end":{"line":38,"column":20}}},"fnMap":{"0":{"name":"pi","decl":{"start":{"line":13,"column":9},"end":{"line":13,"column":11}},"loc":{"start":{"line":13,"column":15},"end":{"line":37,"column":1}},"line":13}},"branchMap":{"0":{"loc":{"start":{"line":14,"column":4},"end":{"line":16,"column":5}},"type":"if","locations":[{"start":{"line":14,"column":4},"end":{"line":16,"column":5}},{"start":{"line":14,"column":4},"end":{"line":16,"column":5}}],"line":14},"1":{"loc":{"start":{"line":14,"column":8},"end":{"line":14,"column":35}},"type":"binary-expr","locations":[{"start":{"line":14,"column":8},"end":{"line":14,"column":17}},{"start":{"line":14,"column":21},"end":{"line":14,"column":35}}],"line":14},"2":{"loc":{"start":{"line":17,"column":4},"end":{"line":19,"column":5}},"type":"if","locations":[{"start":{"line":17,"column":4},"end":{"line":19,"column":5}},{"start":{"line":17,"column":4},"end":{"line":19,"column":5}}],"line":17},"3":{"loc":{"start":{"line":20,"column":4},"end":{"line":22,"column":5}},"type":"if","locations":[{"start":{"line":20,"column":4},"end":{"line":22,"column":5}},{"start":{"line":20,"column":4},"end":{"line":22,"column":5}}],"line":20},"4":{"loc":{"start":{"line":23,"column":4},"end":{"line":25,"column":5}},"type":"if","locations":[{"start":{"line":23,"column":4},"end":{"line":25,"column":5}},{"start":{"line":23,"column":4},"end":{"line":25,"column":5}}],"line":23}},"s":{"0":5,"1":1,"2":4,"3":1,"4":3,"5":1,"6":2,"7":1,"8":1,"9":1,"10":1,"11":1,"12":1,"13":1000,"14":1000,"15":1000,"16":1000,"17":1,"18":1},"f":{"0":5},"b":{"0":[1,4],"1":[5,4],"2":[1,3],"3":[1,2],"4":[1,1]},"_coverageSchema":"43e27e138ebf9cfc5966b082cf9a028302ed4184","hash":"857ada1f402f09fe413a3fb240cb753a14578e82"}
}
