TN:
SF:/home/aluno/Documentos/cs-2019-01/aula-01/js/ex1.js
FN:15,propriedade3025
FNF:1
FNH:1
FNDA:7,propriedade3025
DA:16,7
DA:17,1
DA:19,6
DA:20,1
DA:22,5
DA:23,1
DA:25,4
DA:26,2
DA:29,2
DA:30,2
DA:31,2
DA:33,1
LF:12
LH:12
BRDA:16,0,0,1
BRDA:16,0,1,6
BRDA:16,1,0,7
BRDA:16,1,1,6
BRDA:19,2,0,1
BRDA:19,2,1,5
BRDA:22,3,0,1
BRDA:22,3,1,4
BRDA:25,4,0,2
BRDA:25,4,1,2
BRDA:25,5,0,4
BRDA:25,5,1,3
BRF:12
BRH:12
end_of_record
TN:
SF:/home/aluno/Documentos/cs-2019-01/aula-01/js/ex10.js
FN:15,logaritmoNatural
FNF:1
FNH:1
FNDA:5,logaritmoNatural
DA:16,5
DA:17,1
DA:19,4
DA:20,1
DA:22,3
DA:23,1
DA:25,2
DA:26,1
DA:28,1
DA:29,1
DA:30,1
DA:31,1
DA:32,1
DA:33,2
DA:34,2
DA:35,2
DA:36,2
DA:38,1
DA:40,1
LF:19
LH:19
BRDA:16,0,0,1
BRDA:16,0,1,4
BRDA:16,1,0,5
BRDA:16,1,1,4
BRDA:16,1,2,4
BRDA:16,1,3,4
BRDA:19,2,0,1
BRDA:19,2,1,3
BRDA:19,3,0,4
BRDA:19,3,1,3
BRDA:22,4,0,1
BRDA:22,4,1,2
BRDA:22,5,0,3
BRDA:22,5,1,2
BRDA:25,6,0,1
BRDA:25,6,1,1
BRDA:25,7,0,2
BRDA:25,7,1,1
BRF:18
BRH:18
end_of_record
TN:
SF:/home/aluno/Documentos/cs-2019-01/aula-01/js/ex11.js
FN:18,razaoAurea
FNF:1
FNH:1
FNDA:5,razaoAurea
DA:19,5
DA:20,1
DA:22,4
DA:23,1
DA:25,3
DA:26,1
DA:28,2
DA:29,1
DA:31,1
DA:32,1
DA:33,1
DA:34,1
DA:35,1
DA:36,2
DA:37,2
DA:38,2
DA:39,2
DA:41,1
DA:43,1
LF:19
LH:19
BRDA:19,0,0,1
BRDA:19,0,1,4
BRDA:19,1,0,5
BRDA:19,1,1,4
BRDA:19,1,2,4
BRDA:19,1,3,4
BRDA:19,1,4,4
BRDA:19,1,5,4
BRDA:22,2,0,1
BRDA:22,2,1,3
BRDA:22,3,0,4
BRDA:22,3,1,3
BRDA:22,3,2,3
BRDA:25,4,0,1
BRDA:25,4,1,2
BRDA:25,5,0,3
BRDA:25,5,1,2
BRDA:25,5,2,2
BRDA:28,6,0,1
BRDA:28,6,1,1
BRDA:28,7,0,2
BRDA:28,7,1,1
BRDA:28,7,2,1
BRF:23
BRH:23
end_of_record
TN:
SF:/home/aluno/Documentos/cs-2019-01/aula-01/js/ex12.js
FN:13,quadradoPerfeito
FNF:1
FNH:1
FNDA:6,quadradoPerfeito
DA:14,6
DA:15,1
DA:17,5
DA:18,1
DA:20,4
DA:21,1
DA:23,3
DA:24,1
DA:26,2
DA:27,2
DA:28,2
DA:29,3
DA:30,3
DA:32,2
DA:34,1
LF:15
LH:15
BRDA:14,0,0,1
BRDA:14,0,1,5
BRDA:14,1,0,6
BRDA:14,1,1,5
BRDA:17,2,0,1
BRDA:17,2,1,4
BRDA:20,3,0,1
BRDA:20,3,1,3
BRDA:23,4,0,1
BRDA:23,4,1,2
BRF:10
BRH:10
end_of_record
TN:
SF:/home/aluno/Documentos/cs-2019-01/aula-01/js/ex13.js
FN:15,raiz
FNF:1
FNH:1
FNDA:5,raiz
DA:16,5
DA:17,1
DA:19,4
DA:20,1
DA:22,3
DA:23,1
DA:25,2
DA:26,1
DA:28,1
DA:29,1
DA:30,1001
DA:31,1001
DA:33,1
DA:35,1
LF:14
LH:14
BRDA:16,0,0,1
BRDA:16,0,1,4
BRDA:16,1,0,5
BRDA:16,1,1,4
BRDA:16,1,2,4
BRDA:16,1,3,4
BRDA:19,2,0,1
BRDA:19,2,1,3
BRDA:19,3,0,4
BRDA:19,3,1,3
BRDA:22,4,0,1
BRDA:22,4,1,2
BRDA:22,5,0,3
BRDA:22,5,1,2
BRDA:25,6,0,1
BRDA:25,6,1,1
BRDA:25,7,0,2
BRDA:25,7,1,1
BRF:18
BRH:18
end_of_record
TN:
SF:/home/aluno/Documentos/cs-2019-01/aula-01/js/ex2.js
FN:14,propriedade153
FNF:1
FNH:1
FNDA:7,propriedade153
DA:15,7
DA:16,1
DA:18,6
DA:19,1
DA:21,5
DA:22,1
DA:24,4
DA:25,2
DA:27,2
DA:28,2
DA:29,2
DA:30,2
DA:31,2
DA:33,1
LF:14
LH:14
BRDA:15,0,0,1
BRDA:15,0,1,6
BRDA:15,1,0,7
BRDA:15,1,1,6
BRDA:18,2,0,1
BRDA:18,2,1,5
BRDA:21,3,0,1
BRDA:21,3,1,4
BRDA:24,4,0,2
BRDA:24,4,1,2
BRDA:24,5,0,4
BRDA:24,5,1,3
BRF:12
BRH:12
end_of_record
TN:
SF:/home/aluno/Documentos/cs-2019-01/aula-01/js/ex3.js
FN:18,diadasemana
FNF:1
FNH:1
FNDA:7,diadasemana
DA:19,7
DA:20,1
DA:22,6
DA:23,1
DA:25,5
DA:26,1
DA:28,4
DA:29,2
DA:31,2
DA:32,1
DA:33,1
DA:35,2
DA:36,2
DA:38,1
LF:14
LH:14
BRDA:19,0,0,1
BRDA:19,0,1,6
BRDA:19,1,0,7
BRDA:19,1,1,6
BRDA:19,1,2,6
BRDA:19,1,3,6
BRDA:19,1,4,6
BRDA:19,1,5,6
BRDA:22,2,0,1
BRDA:22,2,1,5
BRDA:22,3,0,6
BRDA:22,3,1,5
BRDA:22,3,2,5
BRDA:25,4,0,1
BRDA:25,4,1,4
BRDA:25,5,0,5
BRDA:25,5,1,4
BRDA:25,5,2,4
BRDA:28,6,0,2
BRDA:28,6,1,2
BRDA:28,7,0,4
BRDA:28,7,1,4
BRDA:28,7,2,3
BRDA:28,7,3,3
BRDA:28,7,4,3
BRDA:31,8,0,1
BRDA:31,8,1,1
BRDA:31,9,0,2
BRDA:31,9,1,2
BRF:29
BRH:29
end_of_record
TN:
SF:/home/aluno/Documentos/cs-2019-01/aula-01/js/ex4.js
FN:14,mod
FNF:1
FNH:1
FNDA:6,mod
DA:15,6
DA:16,1
DA:18,5
DA:19,1
DA:21,4
DA:22,1
DA:24,3
DA:25,1
DA:27,2
DA:28,2
DA:29,1
DA:31,2
DA:33,1
LF:13
LH:13
BRDA:15,0,0,1
BRDA:15,0,1,5
BRDA:15,1,0,6
BRDA:15,1,1,5
BRDA:15,1,2,5
BRDA:15,1,3,5
BRDA:18,2,0,1
BRDA:18,2,1,4
BRDA:18,3,0,5
BRDA:18,3,1,4
BRDA:21,4,0,1
BRDA:21,4,1,3
BRDA:21,5,0,4
BRDA:21,5,1,3
BRDA:24,6,0,1
BRDA:24,6,1,2
BRDA:24,7,0,3
BRDA:24,7,1,2
BRF:18
BRH:18
end_of_record
TN:
SF:/home/aluno/Documentos/cs-2019-01/aula-01/js/ex5.js
FN:13,somaNaturais
FNF:1
FNH:1
FNDA:5,somaNaturais
DA:14,5
DA:15,1
DA:17,4
DA:18,1
DA:20,3
DA:21,1
DA:23,2
DA:24,1
DA:26,1
DA:27,1
DA:28,1
DA:29,2
DA:30,2
DA:32,1
DA:34,1
LF:15
LH:15
BRDA:14,0,0,1
BRDA:14,0,1,4
BRDA:14,1,0,5
BRDA:14,1,1,4
BRDA:17,2,0,1
BRDA:17,2,1,3
BRDA:20,3,0,1
BRDA:20,3,1,2
BRDA:23,4,0,1
BRDA:23,4,1,1
BRF:10
BRH:10
end_of_record
TN:
SF:/home/aluno/Documentos/cs-2019-01/aula-01/js/ex6.js
FN:13,fatorial
FNF:1
FNH:1
FNDA:5,fatorial
DA:14,5
DA:15,1
DA:17,4
DA:18,1
DA:20,3
DA:21,1
DA:23,2
DA:24,1
DA:26,1
DA:27,1
DA:28,1
DA:29,4
DA:30,4
DA:32,1
DA:34,1
LF:15
LH:15
BRDA:14,0,0,1
BRDA:14,0,1,4
BRDA:14,1,0,5
BRDA:14,1,1,4
BRDA:17,2,0,1
BRDA:17,2,1,3
BRDA:20,3,0,1
BRDA:20,3,1,2
BRDA:23,4,0,1
BRDA:23,4,1,1
BRF:10
BRH:10
end_of_record
TN:
SF:/home/aluno/Documentos/cs-2019-01/aula-01/js/ex7.js
FN:15,produto
FNF:1
FNH:1
FNDA:6,produto
DA:16,6
DA:17,1
DA:19,5
DA:20,1
DA:22,4
DA:23,1
DA:25,3
DA:26,1
DA:28,2
DA:29,2
DA:30,2
DA:31,1
DA:32,1
DA:34,2
DA:35,2
DA:36,2
DA:37,2
DA:38,2
DA:40,2
DA:42,1
LF:20
LH:20
BRDA:16,0,0,1
BRDA:16,0,1,5
BRDA:16,1,0,6
BRDA:16,1,1,5
BRDA:16,1,2,5
BRDA:16,1,3,5
BRDA:19,2,0,1
BRDA:19,2,1,4
BRDA:19,3,0,5
BRDA:19,3,1,4
BRDA:22,4,0,1
BRDA:22,4,1,3
BRDA:22,5,0,4
BRDA:22,5,1,3
BRDA:25,6,0,1
BRDA:25,6,1,2
BRDA:25,7,0,3
BRDA:25,7,1,2
BRDA:30,8,0,1
BRDA:30,8,1,1
BRF:20
BRH:20
end_of_record
TN:
SF:/home/aluno/Documentos/cs-2019-01/aula-01/js/ex8.js
FN:15,produto
FN:56,potencia
FNF:2
FNH:2
FNDA:9,produto
FNDA:6,potencia
DA:16,9
DA:17,1
DA:19,8
DA:20,1
DA:22,7
DA:23,1
DA:25,6
DA:26,1
DA:28,5
DA:29,5
DA:30,5
DA:31,1
DA:32,1
DA:34,5
DA:35,5
DA:36,5
DA:37,5
DA:38,5
DA:40,5
DA:57,6
DA:58,1
DA:60,5
DA:61,1
DA:63,4
DA:64,1
DA:66,3
DA:67,1
DA:69,2
DA:70,2
DA:71,2
DA:72,3
DA:73,3
DA:75,2
DA:77,1
LF:34
LH:34
BRDA:16,0,0,1
BRDA:16,0,1,8
BRDA:16,1,0,9
BRDA:16,1,1,8
BRDA:16,1,2,8
BRDA:16,1,3,8
BRDA:19,2,0,1
BRDA:19,2,1,7
BRDA:19,3,0,8
BRDA:19,3,1,7
BRDA:22,4,0,1
BRDA:22,4,1,6
BRDA:22,5,0,7
BRDA:22,5,1,6
BRDA:25,6,0,1
BRDA:25,6,1,5
BRDA:25,7,0,6
BRDA:25,7,1,5
BRDA:30,8,0,1
BRDA:30,8,1,4
BRDA:57,9,0,1
BRDA:57,9,1,5
BRDA:57,10,0,6
BRDA:57,10,1,5
BRDA:57,10,2,5
BRDA:57,10,3,5
BRDA:60,11,0,1
BRDA:60,11,1,4
BRDA:60,12,0,5
BRDA:60,12,1,4
BRDA:63,13,0,1
BRDA:63,13,1,3
BRDA:63,14,0,4
BRDA:63,14,1,3
BRDA:66,15,0,1
BRDA:66,15,1,2
BRDA:66,16,0,3
BRDA:66,16,1,2
BRF:38
BRH:38
end_of_record
TN:
SF:/home/aluno/Documentos/cs-2019-01/aula-01/js/ex9.js
FN:13,pi
FNF:1
FNH:1
FNDA:5,pi
DA:14,5
DA:15,1
DA:17,4
DA:18,1
DA:20,3
DA:21,1
DA:23,2
DA:24,1
DA:26,1
DA:27,1
DA:28,1
DA:29,1
DA:30,1
DA:31,1000
DA:32,1000
DA:33,1000
DA:34,1000
DA:36,1
DA:38,1
LF:19
LH:19
BRDA:14,0,0,1
BRDA:14,0,1,4
BRDA:14,1,0,5
BRDA:14,1,1,4
BRDA:17,2,0,1
BRDA:17,2,1,3
BRDA:20,3,0,1
BRDA:20,3,1,2
BRDA:23,4,0,1
BRDA:23,4,1,1
BRF:10
BRH:10
end_of_record
